2026-02-22 01:12:28.994 [INFO] Starting HTTP Response Tests...
2026-02-22 01:12:28.994 [INFO] ===============================
2026-02-22 01:12:28.994 [INFO] === Test 1: Basic HTML Response ===
2026-02-22 01:12:28.998 [INFO] ✓ Test 1 passed!
2026-02-22 01:12:28.999 [INFO] === Test 2: Keep-Alive Connection ===
2026-02-22 01:12:28.999 [INFO] ✓ Test 2 passed!
2026-02-22 01:12:29.001 [INFO] === Test 3: Different File Types ===
2026-02-22 01:12:29.001 [INFO] ✓ CSS file type test passed
2026-02-22 01:12:29.001 [INFO] ✓ JavaScript file type test passed
2026-02-22 01:12:29.001 [INFO] ✓ JPEG file type test passed
2026-02-22 01:12:29.001 [INFO] ✓ Plain text file type test passed
2026-02-22 01:12:29.001 [INFO] ✓ Test 3 passed!
2026-02-22 01:12:29.003 [INFO] === Test 4: 404 Not Found ===
2026-02-22 01:12:29.004 [INFO] ✓ Test 4 passed!
2026-02-22 01:12:29.004 [INFO] === Test 5: 403 Forbidden ===
2026-02-22 01:12:29.004 [INFO] ✓ Test 5 passed!
2026-02-22 01:12:29.004 [INFO] === Test 6: Custom Error Response ===
2026-02-22 01:12:29.005 [INFO] ✓ 400 error test passed
2026-02-22 01:12:29.005 [INFO] ✓ 500 error test passed
2026-02-22 01:12:29.005 [INFO] ✓ Test 6 passed!
2026-02-22 01:12:29.005 [INFO] === Test 7: File Mapping ===
2026-02-22 01:12:29.006 [INFO] ✓ Test 7 passed!
2026-02-22 01:12:29.006 [INFO] === Test 8: File Unmapping ===
2026-02-22 01:12:29.006 [INFO] ✓ Test 8 passed!
2026-02-22 01:12:29.006 [INFO] === Test 9: Error Content Generation ===
2026-02-22 01:12:29.006 [INFO] ✓ Test 9 passed!
2026-02-22 01:12:29.006 [INFO] === Test 10: Code Getter ===
2026-02-22 01:12:29.007 [INFO] ✓ 200 code test passed
2026-02-22 01:12:29.007 [INFO] ✓ 404 code test passed
2026-02-22 01:12:29.007 [INFO] ✓ Custom code test passed
2026-02-22 01:12:29.007 [INFO] ✓ Test 10 passed!
2026-02-22 01:12:29.007 [INFO] === Test 11: Reinitialize Response ===
2026-02-22 01:12:29.007 [INFO] ✓ Test 11 passed!
2026-02-22 01:12:29.007 [INFO] === Test 12: File Without Extension ===
2026-02-22 01:12:29.007 [INFO] ✓ Test 12 passed!
2026-02-22 01:12:29.008 [INFO] ================================
2026-02-22 01:13:26.625 [INFO] Starting HTTP Response Tests...
2026-02-22 01:13:26.625 [INFO] ===============================
2026-02-22 01:13:26.625 [INFO] === Test 1: Basic HTML Response ===
2026-02-22 01:13:26.625 [INFO] ✓ Test 1 passed!
2026-02-22 01:13:26.625 [INFO] === Test 2: Keep-Alive Connection ===
2026-02-22 01:13:26.626 [INFO] ✓ Test 2 passed!
2026-02-22 01:13:26.626 [INFO] === Test 3: Different File Types ===
2026-02-22 01:13:26.626 [INFO] ✓ CSS file type test passed
2026-02-22 01:13:26.626 [INFO] ✓ JavaScript file type test passed
2026-02-22 01:13:26.626 [INFO] ✓ JPEG file type test passed
2026-02-22 01:13:26.626 [INFO] ✓ Plain text file type test passed
2026-02-22 01:13:26.626 [INFO] ✓ Test 3 passed!
2026-02-22 01:13:26.626 [INFO] === Test 4: 404 Not Found ===
2026-02-22 01:13:26.626 [INFO] ✓ Test 4 passed!
2026-02-22 01:13:26.626 [INFO] === Test 5: 403 Forbidden ===
2026-02-22 01:13:26.627 [INFO] ✓ Test 5 passed!
2026-02-22 01:13:26.627 [INFO] === Test 6: Custom Error Response ===
2026-02-22 01:13:26.627 [INFO] ✓ 400 error test passed
2026-02-22 01:13:26.627 [INFO] ✓ 500 error test passed
2026-02-22 01:13:26.627 [INFO] ✓ Test 6 passed!
2026-02-22 01:13:26.627 [INFO] === Test 7: File Mapping ===
2026-02-22 01:13:26.627 [INFO] ✓ Test 7 passed!
2026-02-22 01:13:26.627 [INFO] === Test 8: File Unmapping ===
2026-02-22 01:13:26.628 [INFO] ✓ Test 8 passed!
2026-02-22 01:13:26.628 [INFO] === Test 9: Error Content Generation ===
2026-02-22 01:13:26.628 [INFO] ✓ Test 9 passed!
2026-02-22 01:13:26.628 [INFO] === Test 10: Code Getter ===
2026-02-22 01:13:26.628 [INFO] ✓ 200 code test passed
2026-02-22 01:13:26.628 [INFO] ✓ 404 code test passed
2026-02-22 01:13:26.628 [INFO] ✓ Custom code test passed
2026-02-22 01:13:26.628 [INFO] ✓ Test 10 passed!
2026-02-22 01:13:26.629 [INFO] === Test 11: Reinitialize Response ===
2026-02-22 01:13:26.629 [INFO] ✓ Test 11 passed!
2026-02-22 01:13:26.629 [INFO] === Test 12: File Without Extension ===
2026-02-22 01:13:26.629 [INFO] ✓ Test 12 passed!
