2026-02-20 03:07:39.225 [INFO] SqlConnPool Init success | total conn: 10, created: 10, sem init: 10
2026-02-20 03:07:39.225 [INFO] Starting HTTP Request Tests...
2026-02-20 03:07:39.225 [INFO] ===============================
2026-02-20 03:07:39.225 [INFO] === Test 1: Basic GET Request ===
2026-02-20 03:07:39.225 [INFO] ✓ Test 1 passed!
2026-02-20 03:07:39.225 [INFO] === Test 2: Root Path ===
2026-02-20 03:07:39.225 [INFO] ✓ Test 2 passed!
2026-02-20 03:07:39.225 [INFO] === Test 3: Default HTML Paths ===
2026-02-20 03:07:39.225 [INFO] ✓ Test 3 passed!
2026-02-20 03:07:39.225 [INFO] === Test 4: Multiple Headers ===
2026-02-20 03:07:39.225 [INFO] ✓ Test 4 passed!
2026-02-20 03:07:39.225 [INFO] === Test 5: POST Request with Body ===
2026-02-20 03:07:39.225 [INFO] User Verifying: admin
2026-02-20 03:07:39.225 [INFO] User admin Verify Successful!!
2026-02-20 03:07:39.225 [INFO] Path after parse: /error.html
2026-02-20 03:07:39.225 [INFO] ✓ Test 5 passed!
2026-02-20 03:07:39.225 [INFO] === Test 6: URL Encoding ===
2026-02-20 03:07:39.225 [INFO] ✓ Test 6 passed!
2026-02-20 03:07:39.225 [INFO] === Test 7: Special Characters in URL ===
2026-02-20 03:07:39.225 [INFO] ✓ Test 7 passed!
2026-02-20 03:07:39.225 [INFO] === Test 11: Normal Register Tests ===
2026-02-20 03:07:39.225 [INFO] User Verifying: testuser
2026-02-20 03:07:39.226 [INFO] User testuser Verify Successful!!
2026-02-20 03:07:39.226 [INFO] ✓ Test 11.1 passed: Pure alphabetic username and password
2026-02-20 03:07:39.226 [INFO] User Verifying: user123
2026-02-20 03:07:39.226 [INFO] User user123 Verify Successful!!
2026-02-20 03:07:39.226 [INFO] ✓ Test 11.2 passed: Username and password with numbers
2026-02-20 03:07:39.226 [INFO] User Verifying: test_user
2026-02-20 03:07:39.227 [INFO] User test_user Verify Successful!!
2026-02-20 03:07:39.227 [INFO] ✓ Test 11.3 passed: Username and password with underscore
2026-02-20 03:07:39.227 [INFO] ✓ All normal register tests passed!
2026-02-20 03:07:39.227 [INFO] === Test 12: Invalid Register Tests ===
2026-02-20 03:07:39.227 [INFO] ✓ Test 12.1 passed: Username with space parsed correctly
2026-02-20 03:07:39.227 [INFO] ✓ Test 12.2 passed: Username with special character parsed correctly
2026-02-20 03:07:39.227 [INFO] ✓ Test 12.3 passed: Password with special character parsed correctly
2026-02-20 03:07:39.227 [INFO] ✓ Test 12.4 passed: Password with space parsed correctly
2026-02-20 03:07:39.227 [INFO] ✓ Test 12.5 passed: Both username and password with special characters parsed correctly
2026-02-20 03:07:39.227 [INFO] ✓ All invalid register tests passed!
2026-02-20 03:07:39.227 [INFO] === Test 8: Empty Body POST ===
2026-02-20 03:07:39.227 [INFO] ✓ Test 8 passed!
2026-02-20 03:07:39.227 [INFO] === Test 9: Invalid Request Line ===
2026-02-20 03:07:39.227 [ERROR] RequestLine Error : INVALID REQUEST
2026-02-20 03:07:39.227 [INFO] ✓ Test 9 passed!
2026-02-20 03:07:39.227 [INFO] === Test 10: Keep-Alive Connection ===
2026-02-20 03:07:39.227 [INFO] ✓ Test 10 passed!
2026-02-20 03:07:39.227 [INFO] ================================
2026-02-20 03:07:39.227 [INFO] All tests passed successfully! ✓
2026-02-20 03:07:39.227 [INFO] SqlConnPool Close success! total conn: 10
2026-02-20 03:07:39.228 [INFO] SqlConnPool Close success! total conn: 10
